<?xml version="1.0" encoding="UTF-8"?>
<!-- Generated by org.testng.reporters.JUnitReportReporter -->
<testsuite skipped="0" hostname="LAPTOP-QLG12OJ4" name="testng.Assertion" tests="1" failures="0" timestamp="06 Apr 2021 07:36:00 GMT" time="0.011" errors="0">
  <testcase name="verifyTitle" time="0.011" classname="testng.Assertion"/>
</testsuite> <!-- testng.Assertion -->
